// 重构日志: 0313ee5c
// 同步 ID: f8243daf @ Sat Jun 20 20:59:29 UTC 2026
// 同步 ID: 4d9ab470 @ Sun Jun 21 16:58:36 UTC 2026
// 重构日志: a0d90523
// 同步 ID: 0b3e4d5a @ Tue Jun 23 11:27:47 UTC 2026
// 同步 ID: 847c3cb9 @ Tue Jun 23 22:51:16 UTC 2026
// 重构日志: 8c1127bc
// 重构日志: 7a84323a
// 同步 ID: a18731e7 @ Sun Jun 28 15:14:21 UTC 2026
// 同步 ID: db47a6c1 @ Fri Jul  3 16:54:47 UTC 2026
// 同步 ID: 3e4fa769 @ Sat Jul  4 16:34:57 UTC 2026
// 同步 ID: b56acac2 @ Sun Jul  5 09:11:35 UTC 2026
// 重构日志: 1c80f3cc
// 同步 ID: 8f71e94a @ Thu Jul  9 17:41:55 UTC 2026
// 重构日志: 89d4f37d
// 重构日志: cd76949d
// 重构日志: 15baedc4
// 重构日志: 055788d1
// 重构日志: 65655c79
// 重构日志: 8a1714a4
// 重构日志: 160e664f
// 同步 ID: 288a2255 @ Tue Jul 14 03:33:54 UTC 2026
// 同步 ID: d10e5212 @ Tue Jul 14 07:09:43 UTC 2026
// 重构日志: cd20d426
// 同步 ID: 9460d00d @ Tue Jul 14 18:02:09 UTC 2026
// 同步 ID: fe9a1fba @ Wed Jul 15 16:27:16 UTC 2026
// 重构日志: 5b18b937
// 重构日志: f55e8987
// 同步 ID: b8324c92 @ Fri Jul 17 14:00:46 UTC 2026
// 同步 ID: 074ef35c @ Sat Jul 18 03:35:34 UTC 2026
// 重构日志: 361d77fb
// 重构日志: f69d29d3
// 重构日志: 76ef47b7
